ERROR - 2026-01-05 07:38:23 --> mysqli_sql_exception: Table 'todo.transaksi_penjualan' doesn't exist in I:\My Drive\todo\system\Database\MySQLi\Connection.php:327
Stack trace:
#0 I:\My Drive\todo\system\Database\MySQLi\Connection.php(327): mysqli->query('SELECT SUM(`tot...', 0)
#1 I:\My Drive\todo\system\Database\BaseConnection.php(738): CodeIgniter\Database\MySQLi\Connection->execute('SELECT SUM(`tot...')
#2 I:\My Drive\todo\system\Database\BaseConnection.php(652): CodeIgniter\Database\BaseConnection->simpleQuery('SELECT SUM(`tot...')
#3 I:\My Drive\todo\system\Database\BaseBuilder.php(1649): CodeIgniter\Database\BaseConnection->query('SELECT SUM(`tot...', Array, false)
#4 I:\My Drive\todo\system\Model.php(330): CodeIgniter\Database\BaseBuilder->get()
#5 I:\My Drive\todo\system\BaseModel.php(717): CodeIgniter\Model->doFirst()
#6 I:\My Drive\todo\app\Models\M_transaksi_penjualan.php(132): CodeIgniter\BaseModel->first()
#7 I:\My Drive\todo\app\Controllers\Admin.php(28): App\Models\M_transaksi_penjualan->getTotalPenjualanByDateRange('2026-01-01', '2026-01-31')
#8 I:\My Drive\todo\system\CodeIgniter.php(933): App\Controllers\Admin->index()
#9 I:\My Drive\todo\system\CodeIgniter.php(507): CodeIgniter\CodeIgniter->runController(Object(App\Controllers\Admin))
#10 I:\My Drive\todo\system\CodeIgniter.php(354): CodeIgniter\CodeIgniter->handleRequest(NULL, Object(Config\Cache), false)
#11 I:\My Drive\todo\system\Boot.php(334): CodeIgniter\CodeIgniter->run()
#12 I:\My Drive\todo\system\Boot.php(67): CodeIgniter\Boot::runCodeIgniter(Object(CodeIgniter\CodeIgniter))
#13 I:\My Drive\todo\public\index.php(59): CodeIgniter\Boot::bootWeb(Object(Config\Paths))
#14 I:\My Drive\todo\system\rewrite.php(44): require_once('I:\\My Drive\\tod...')
#15 {main}
CRITICAL - 2026-01-05 07:38:23 --> CodeIgniter\Database\Exceptions\DatabaseException: Table 'todo.transaksi_penjualan' doesn't exist
[Method: GET, Route: admin]
in SYSTEMPATH\Database\BaseConnection.php on line 692.
 1 SYSTEMPATH\Database\BaseBuilder.php(1649): CodeIgniter\Database\BaseConnection->query('SELECT SUM(`total_harga`) AS `total_harga`
FROM `transaksi_penjualan`
WHERE `tanggal` >= :tanggal:
AND `tanggal` <= :tanggal.1:
AND `status` = :status:
 LIMIT 1', [...], false)
 2 SYSTEMPATH\Model.php(330): CodeIgniter\Database\BaseBuilder->get()
 3 SYSTEMPATH\BaseModel.php(717): CodeIgniter\Model->doFirst()
 4 APPPATH\Models\M_transaksi_penjualan.php(132): CodeIgniter\BaseModel->first()
 5 APPPATH\Controllers\Admin.php(28): App\Models\M_transaksi_penjualan->getTotalPenjualanByDateRange('2026-01-01', '2026-01-31')
 6 SYSTEMPATH\CodeIgniter.php(933): App\Controllers\Admin->index()
 7 SYSTEMPATH\CodeIgniter.php(507): CodeIgniter\CodeIgniter->runController(Object(App\Controllers\Admin))
 8 SYSTEMPATH\CodeIgniter.php(354): CodeIgniter\CodeIgniter->handleRequest(null, Object(Config\Cache), false)
 9 SYSTEMPATH\Boot.php(334): CodeIgniter\CodeIgniter->run()
10 SYSTEMPATH\Boot.php(67): CodeIgniter\Boot::runCodeIgniter(Object(CodeIgniter\CodeIgniter))
11 FCPATH\index.php(59): CodeIgniter\Boot::bootWeb(Object(Config\Paths))
12 SYSTEMPATH\rewrite.php(44): require_once('I:\\My Drive\\todo\\public\\index.php')
CRITICAL - 2026-01-05 07:38:23 --> [Caused by] CodeIgniter\Database\Exceptions\DatabaseException: Table 'todo.transaksi_penjualan' doesn't exist
in SYSTEMPATH\Database\MySQLi\Connection.php on line 332.
 1 SYSTEMPATH\Database\BaseConnection.php(738): CodeIgniter\Database\MySQLi\Connection->execute('SELECT SUM(`total_harga`) AS `total_harga`
FROM `transaksi_penjualan`
WHERE `tanggal` >= \'2026-01-01\'
AND `tanggal` <= \'2026-01-31\'
AND `status` = \'Selesai\'
 LIMIT 1')
 2 SYSTEMPATH\Database\BaseConnection.php(652): CodeIgniter\Database\BaseConnection->simpleQuery('SELECT SUM(`total_harga`) AS `total_harga`
FROM `transaksi_penjualan`
WHERE `tanggal` >= \'2026-01-01\'
AND `tanggal` <= \'2026-01-31\'
AND `status` = \'Selesai\'
 LIMIT 1')
 3 SYSTEMPATH\Database\BaseBuilder.php(1649): CodeIgniter\Database\BaseConnection->query('SELECT SUM(`total_harga`) AS `total_harga`
FROM `transaksi_penjualan`
WHERE `tanggal` >= :tanggal:
AND `tanggal` <= :tanggal.1:
AND `status` = :status:
 LIMIT 1', [...], false)
 4 SYSTEMPATH\Model.php(330): CodeIgniter\Database\BaseBuilder->get()
 5 SYSTEMPATH\BaseModel.php(717): CodeIgniter\Model->doFirst()
 6 APPPATH\Models\M_transaksi_penjualan.php(132): CodeIgniter\BaseModel->first()
 7 APPPATH\Controllers\Admin.php(28): App\Models\M_transaksi_penjualan->getTotalPenjualanByDateRange('2026-01-01', '2026-01-31')
 8 SYSTEMPATH\CodeIgniter.php(933): App\Controllers\Admin->index()
 9 SYSTEMPATH\CodeIgniter.php(507): CodeIgniter\CodeIgniter->runController(Object(App\Controllers\Admin))
10 SYSTEMPATH\CodeIgniter.php(354): CodeIgniter\CodeIgniter->handleRequest(null, Object(Config\Cache), false)
11 SYSTEMPATH\Boot.php(334): CodeIgniter\CodeIgniter->run()
12 SYSTEMPATH\Boot.php(67): CodeIgniter\Boot::runCodeIgniter(Object(CodeIgniter\CodeIgniter))
13 FCPATH\index.php(59): CodeIgniter\Boot::bootWeb(Object(Config\Paths))
14 SYSTEMPATH\rewrite.php(44): require_once('I:\\My Drive\\todo\\public\\index.php')
CRITICAL - 2026-01-05 07:38:23 --> [Caused by] mysqli_sql_exception: Table 'todo.transaksi_penjualan' doesn't exist
in SYSTEMPATH\Database\MySQLi\Connection.php on line 327.
 1 SYSTEMPATH\Database\MySQLi\Connection.php(327): mysqli->query('SELECT SUM(`total_harga`) AS `total_harga`
FROM `transaksi_penjualan`
WHERE `tanggal` >= \'2026-01-01\'
AND `tanggal` <= \'2026-01-31\'
AND `status` = \'Selesai\'
 LIMIT 1', 0)
 2 SYSTEMPATH\Database\BaseConnection.php(738): CodeIgniter\Database\MySQLi\Connection->execute('SELECT SUM(`total_harga`) AS `total_harga`
FROM `transaksi_penjualan`
WHERE `tanggal` >= \'2026-01-01\'
AND `tanggal` <= \'2026-01-31\'
AND `status` = \'Selesai\'
 LIMIT 1')
 3 SYSTEMPATH\Database\BaseConnection.php(652): CodeIgniter\Database\BaseConnection->simpleQuery('SELECT SUM(`total_harga`) AS `total_harga`
FROM `transaksi_penjualan`
WHERE `tanggal` >= \'2026-01-01\'
AND `tanggal` <= \'2026-01-31\'
AND `status` = \'Selesai\'
 LIMIT 1')
 4 SYSTEMPATH\Database\BaseBuilder.php(1649): CodeIgniter\Database\BaseConnection->query('SELECT SUM(`total_harga`) AS `total_harga`
FROM `transaksi_penjualan`
WHERE `tanggal` >= :tanggal:
AND `tanggal` <= :tanggal.1:
AND `status` = :status:
 LIMIT 1', [...], false)
 5 SYSTEMPATH\Model.php(330): CodeIgniter\Database\BaseBuilder->get()
 6 SYSTEMPATH\BaseModel.php(717): CodeIgniter\Model->doFirst()
 7 APPPATH\Models\M_transaksi_penjualan.php(132): CodeIgniter\BaseModel->first()
 8 APPPATH\Controllers\Admin.php(28): App\Models\M_transaksi_penjualan->getTotalPenjualanByDateRange('2026-01-01', '2026-01-31')
 9 SYSTEMPATH\CodeIgniter.php(933): App\Controllers\Admin->index()
10 SYSTEMPATH\CodeIgniter.php(507): CodeIgniter\CodeIgniter->runController(Object(App\Controllers\Admin))
11 SYSTEMPATH\CodeIgniter.php(354): CodeIgniter\CodeIgniter->handleRequest(null, Object(Config\Cache), false)
12 SYSTEMPATH\Boot.php(334): CodeIgniter\CodeIgniter->run()
13 SYSTEMPATH\Boot.php(67): CodeIgniter\Boot::runCodeIgniter(Object(CodeIgniter\CodeIgniter))
14 FCPATH\index.php(59): CodeIgniter\Boot::bootWeb(Object(Config\Paths))
15 SYSTEMPATH\rewrite.php(44): require_once('I:\\My Drive\\todo\\public\\index.php')
CRITICAL - 2026-01-05 07:44:32 --> ErrorException: Undefined variable $selected_month
[Method: GET, Route: home]
in APPPATH\Views\dashadmin.php on line 17.
 1 APPPATH\Views\dashadmin.php(17): CodeIgniter\Debug\Exceptions->errorHandler(2, 'Undefined variable $selected_month', 'I:\\My Drive\\todo\\app\\Views\\dashadmin.php', 17)
 2 SYSTEMPATH\View\View.php(224): include('I:\\My Drive\\todo\\app\\Views\\dashadmin.php')
 3 SYSTEMPATH\View\View.php(227): CodeIgniter\View\View->CodeIgniter\View\{closure}()
 4 SYSTEMPATH\Common.php(1173): CodeIgniter\View\View->render('dashadmin', [], true)
 5 APPPATH\Controllers\Home.php(21): view('dashadmin')
 6 SYSTEMPATH\CodeIgniter.php(933): App\Controllers\Home->index()
 7 SYSTEMPATH\CodeIgniter.php(507): CodeIgniter\CodeIgniter->runController(Object(App\Controllers\Home))
 8 SYSTEMPATH\CodeIgniter.php(354): CodeIgniter\CodeIgniter->handleRequest(null, Object(Config\Cache), false)
 9 SYSTEMPATH\Boot.php(334): CodeIgniter\CodeIgniter->run()
10 SYSTEMPATH\Boot.php(67): CodeIgniter\Boot::runCodeIgniter(Object(CodeIgniter\CodeIgniter))
11 FCPATH\index.php(59): CodeIgniter\Boot::bootWeb(Object(Config\Paths))
12 SYSTEMPATH\rewrite.php(44): require_once('I:\\My Drive\\todo\\public\\index.php')
CRITICAL - 2026-01-05 07:44:45 --> ErrorException: Undefined variable $selected_month
[Method: GET, Route: home]
in APPPATH\Views\dashadmin.php on line 17.
 1 APPPATH\Views\dashadmin.php(17): CodeIgniter\Debug\Exceptions->errorHandler(2, 'Undefined variable $selected_month', 'I:\\My Drive\\todo\\app\\Views\\dashadmin.php', 17)
 2 SYSTEMPATH\View\View.php(224): include('I:\\My Drive\\todo\\app\\Views\\dashadmin.php')
 3 SYSTEMPATH\View\View.php(227): CodeIgniter\View\View->CodeIgniter\View\{closure}()
 4 SYSTEMPATH\Common.php(1173): CodeIgniter\View\View->render('dashadmin', [], true)
 5 APPPATH\Controllers\Home.php(21): view('dashadmin')
 6 SYSTEMPATH\CodeIgniter.php(933): App\Controllers\Home->index()
 7 SYSTEMPATH\CodeIgniter.php(507): CodeIgniter\CodeIgniter->runController(Object(App\Controllers\Home))
 8 SYSTEMPATH\CodeIgniter.php(354): CodeIgniter\CodeIgniter->handleRequest(null, Object(Config\Cache), false)
 9 SYSTEMPATH\Boot.php(334): CodeIgniter\CodeIgniter->run()
10 SYSTEMPATH\Boot.php(67): CodeIgniter\Boot::runCodeIgniter(Object(CodeIgniter\CodeIgniter))
11 FCPATH\index.php(59): CodeIgniter\Boot::bootWeb(Object(Config\Paths))
12 SYSTEMPATH\rewrite.php(44): require_once('I:\\My Drive\\todo\\public\\index.php')
CRITICAL - 2026-01-05 07:49:22 --> ErrorException: Undefined array key "role"
[Method: GET, Route: user]
in APPPATH\Views\user\v_user.php on line 63.
 1 APPPATH\Views\user\v_user.php(63): CodeIgniter\Debug\Exceptions->errorHandler(2, 'Undefined array key "role"', 'I:\\My Drive\\todo\\app\\Views\\user\\v_user.php', 63)
 2 SYSTEMPATH\View\View.php(224): include('I:\\My Drive\\todo\\app\\Views\\user\\v_user.php')
 3 SYSTEMPATH\View\View.php(227): CodeIgniter\View\View->CodeIgniter\View\{closure}()
 4 SYSTEMPATH\Common.php(1173): CodeIgniter\View\View->render('user/v_user', [], true)
 5 APPPATH\Controllers\User.php(24): view('user/v_user', [...])
 6 SYSTEMPATH\CodeIgniter.php(933): App\Controllers\User->index()
 7 SYSTEMPATH\CodeIgniter.php(507): CodeIgniter\CodeIgniter->runController(Object(App\Controllers\User))
 8 SYSTEMPATH\CodeIgniter.php(354): CodeIgniter\CodeIgniter->handleRequest(null, Object(Config\Cache), false)
 9 SYSTEMPATH\Boot.php(334): CodeIgniter\CodeIgniter->run()
10 SYSTEMPATH\Boot.php(67): CodeIgniter\Boot::runCodeIgniter(Object(CodeIgniter\CodeIgniter))
11 FCPATH\index.php(59): CodeIgniter\Boot::bootWeb(Object(Config\Paths))
12 SYSTEMPATH\rewrite.php(44): require_once('I:\\My Drive\\todo\\public\\index.php')
CRITICAL - 2026-01-05 07:50:16 --> ErrorException: Undefined property: stdClass::$created_by
[Method: GET, Route: user/detail/1]
in APPPATH\Controllers\User.php on line 60.
 1 APPPATH\Controllers\User.php(60): CodeIgniter\Debug\Exceptions->errorHandler(2, 'Undefined property: stdClass::$created_by', 'I:\\My Drive\\todo\\app\\Controllers\\User.php', 60)
 2 SYSTEMPATH\CodeIgniter.php(933): App\Controllers\User->detail('1')
 3 SYSTEMPATH\CodeIgniter.php(507): CodeIgniter\CodeIgniter->runController(Object(App\Controllers\User))
 4 SYSTEMPATH\CodeIgniter.php(354): CodeIgniter\CodeIgniter->handleRequest(null, Object(Config\Cache), false)
 5 SYSTEMPATH\Boot.php(334): CodeIgniter\CodeIgniter->run()
 6 SYSTEMPATH\Boot.php(67): CodeIgniter\Boot::runCodeIgniter(Object(CodeIgniter\CodeIgniter))
 7 FCPATH\index.php(59): CodeIgniter\Boot::bootWeb(Object(Config\Paths))
 8 SYSTEMPATH\rewrite.php(44): require_once('I:\\My Drive\\todo\\public\\index.php')
CRITICAL - 2026-01-05 07:50:54 --> ErrorException: Undefined property: stdClass::$created_by
[Method: GET, Route: user/detail/1]
in APPPATH\Controllers\User.php on line 60.
 1 APPPATH\Controllers\User.php(60): CodeIgniter\Debug\Exceptions->errorHandler(2, 'Undefined property: stdClass::$created_by', 'I:\\My Drive\\todo\\app\\Controllers\\User.php', 60)
 2 SYSTEMPATH\CodeIgniter.php(933): App\Controllers\User->detail('1')
 3 SYSTEMPATH\CodeIgniter.php(507): CodeIgniter\CodeIgniter->runController(Object(App\Controllers\User))
 4 SYSTEMPATH\CodeIgniter.php(354): CodeIgniter\CodeIgniter->handleRequest(null, Object(Config\Cache), false)
 5 SYSTEMPATH\Boot.php(334): CodeIgniter\CodeIgniter->run()
 6 SYSTEMPATH\Boot.php(67): CodeIgniter\Boot::runCodeIgniter(Object(CodeIgniter\CodeIgniter))
 7 FCPATH\index.php(59): CodeIgniter\Boot::bootWeb(Object(Config\Paths))
 8 SYSTEMPATH\rewrite.php(44): require_once('I:\\My Drive\\todo\\public\\index.php')
CRITICAL - 2026-01-05 07:51:18 --> ErrorException: Undefined property: stdClass::$created_by
[Method: GET, Route: user/detail/1]
in APPPATH\Controllers\User.php on line 59.
 1 APPPATH\Controllers\User.php(59): CodeIgniter\Debug\Exceptions->errorHandler(2, 'Undefined property: stdClass::$created_by', 'I:\\My Drive\\todo\\app\\Controllers\\User.php', 59)
 2 SYSTEMPATH\CodeIgniter.php(933): App\Controllers\User->detail('1')
 3 SYSTEMPATH\CodeIgniter.php(507): CodeIgniter\CodeIgniter->runController(Object(App\Controllers\User))
 4 SYSTEMPATH\CodeIgniter.php(354): CodeIgniter\CodeIgniter->handleRequest(null, Object(Config\Cache), false)
 5 SYSTEMPATH\Boot.php(334): CodeIgniter\CodeIgniter->run()
 6 SYSTEMPATH\Boot.php(67): CodeIgniter\Boot::runCodeIgniter(Object(CodeIgniter\CodeIgniter))
 7 FCPATH\index.php(59): CodeIgniter\Boot::bootWeb(Object(Config\Paths))
 8 SYSTEMPATH\rewrite.php(44): require_once('I:\\My Drive\\todo\\public\\index.php')
CRITICAL - 2026-01-05 07:51:36 --> ErrorException: Undefined property: stdClass::$created_by
[Method: GET, Route: user/detail/1]
in APPPATH\Controllers\User.php on line 59.
 1 APPPATH\Controllers\User.php(59): CodeIgniter\Debug\Exceptions->errorHandler(2, 'Undefined property: stdClass::$created_by', 'I:\\My Drive\\todo\\app\\Controllers\\User.php', 59)
 2 SYSTEMPATH\CodeIgniter.php(933): App\Controllers\User->detail('1')
 3 SYSTEMPATH\CodeIgniter.php(507): CodeIgniter\CodeIgniter->runController(Object(App\Controllers\User))
 4 SYSTEMPATH\CodeIgniter.php(354): CodeIgniter\CodeIgniter->handleRequest(null, Object(Config\Cache), false)
 5 SYSTEMPATH\Boot.php(334): CodeIgniter\CodeIgniter->run()
 6 SYSTEMPATH\Boot.php(67): CodeIgniter\Boot::runCodeIgniter(Object(CodeIgniter\CodeIgniter))
 7 FCPATH\index.php(59): CodeIgniter\Boot::bootWeb(Object(Config\Paths))
 8 SYSTEMPATH\rewrite.php(44): require_once('I:\\My Drive\\todo\\public\\index.php')
CRITICAL - 2026-01-05 10:27:54 --> ErrorException: Undefined property: stdClass::$created_by
[Method: GET, Route: user/detail/1]
in APPPATH\Controllers\User.php on line 59.
 1 APPPATH\Controllers\User.php(59): CodeIgniter\Debug\Exceptions->errorHandler(2, 'Undefined property: stdClass::$created_by', 'H:\\My Drive\\todo\\app\\Controllers\\User.php', 59)
 2 SYSTEMPATH\CodeIgniter.php(933): App\Controllers\User->detail('1')
 3 SYSTEMPATH\CodeIgniter.php(507): CodeIgniter\CodeIgniter->runController(Object(App\Controllers\User))
 4 SYSTEMPATH\CodeIgniter.php(354): CodeIgniter\CodeIgniter->handleRequest(null, Object(Config\Cache), false)
 5 SYSTEMPATH\Boot.php(334): CodeIgniter\CodeIgniter->run()
 6 SYSTEMPATH\Boot.php(67): CodeIgniter\Boot::runCodeIgniter(Object(CodeIgniter\CodeIgniter))
 7 FCPATH\index.php(59): CodeIgniter\Boot::bootWeb(Object(Config\Paths))
 8 SYSTEMPATH\rewrite.php(44): require_once('H:\\My Drive\\todo\\public\\index.php')
CRITICAL - 2026-01-05 10:29:50 --> ErrorException: Undefined property: stdClass::$created_by
[Method: GET, Route: user/detail/1]
in APPPATH\Controllers\User.php on line 60.
 1 APPPATH\Controllers\User.php(60): CodeIgniter\Debug\Exceptions->errorHandler(2, 'Undefined property: stdClass::$created_by', 'H:\\My Drive\\todo\\app\\Controllers\\User.php', 60)
 2 SYSTEMPATH\CodeIgniter.php(933): App\Controllers\User->detail('1')
 3 SYSTEMPATH\CodeIgniter.php(507): CodeIgniter\CodeIgniter->runController(Object(App\Controllers\User))
 4 SYSTEMPATH\CodeIgniter.php(354): CodeIgniter\CodeIgniter->handleRequest(null, Object(Config\Cache), false)
 5 SYSTEMPATH\Boot.php(334): CodeIgniter\CodeIgniter->run()
 6 SYSTEMPATH\Boot.php(67): CodeIgniter\Boot::runCodeIgniter(Object(CodeIgniter\CodeIgniter))
 7 FCPATH\index.php(59): CodeIgniter\Boot::bootWeb(Object(Config\Paths))
 8 SYSTEMPATH\rewrite.php(44): require_once('H:\\My Drive\\todo\\public\\index.php')
CRITICAL - 2026-01-05 11:19:11 --> CodeIgniter\View\Exceptions\ViewException: Invalid file: "task/edit.php"
[Method: GET, Route: task/edit/1]
in SYSTEMPATH\Exceptions\FrameworkException.php on line 39.
 1 SYSTEMPATH\View\View.php(212): CodeIgniter\Exceptions\FrameworkException::forInvalidFile('task/edit.php')
 2 SYSTEMPATH\Common.php(1173): CodeIgniter\View\View->render('task/edit', [], true)
 3 APPPATH\Controllers\Task.php(102): view('task/edit', [...])
 4 SYSTEMPATH\CodeIgniter.php(933): App\Controllers\Task->edit('1')
 5 SYSTEMPATH\CodeIgniter.php(507): CodeIgniter\CodeIgniter->runController(Object(App\Controllers\Task))
 6 SYSTEMPATH\CodeIgniter.php(354): CodeIgniter\CodeIgniter->handleRequest(null, Object(Config\Cache), false)
 7 SYSTEMPATH\Boot.php(334): CodeIgniter\CodeIgniter->run()
 8 SYSTEMPATH\Boot.php(67): CodeIgniter\Boot::runCodeIgniter(Object(CodeIgniter\CodeIgniter))
 9 FCPATH\index.php(59): CodeIgniter\Boot::bootWeb(Object(Config\Paths))
10 SYSTEMPATH\rewrite.php(44): require_once('H:\\My Drive\\todo\\public\\index.php')
CRITICAL - 2026-01-05 11:50:59 --> ErrorException: Undefined variable $totalTask
[Method: GET, Route: home/user]
in APPPATH\Views\user\dashboard.php on line 11.
 1 APPPATH\Views\user\dashboard.php(11): CodeIgniter\Debug\Exceptions->errorHandler(2, 'Undefined variable $totalTask', 'H:\\My Drive\\todo\\app\\Views\\user\\dashboard.php', 11)
 2 SYSTEMPATH\View\View.php(224): include('H:\\My Drive\\todo\\app\\Views\\user\\dashboard.php')
 3 SYSTEMPATH\View\View.php(227): CodeIgniter\View\View->CodeIgniter\View\{closure}()
 4 SYSTEMPATH\Common.php(1173): CodeIgniter\View\View->render('user/dashboard', [], true)
 5 APPPATH\Controllers\Home.php(20): view('user/dashboard')
 6 SYSTEMPATH\CodeIgniter.php(933): App\Controllers\Home->user()
 7 SYSTEMPATH\CodeIgniter.php(507): CodeIgniter\CodeIgniter->runController(Object(App\Controllers\Home))
 8 SYSTEMPATH\CodeIgniter.php(354): CodeIgniter\CodeIgniter->handleRequest(null, Object(Config\Cache), false)
 9 SYSTEMPATH\Boot.php(334): CodeIgniter\CodeIgniter->run()
10 SYSTEMPATH\Boot.php(67): CodeIgniter\Boot::runCodeIgniter(Object(CodeIgniter\CodeIgniter))
11 FCPATH\index.php(59): CodeIgniter\Boot::bootWeb(Object(Config\Paths))
12 SYSTEMPATH\rewrite.php(44): require_once('H:\\My Drive\\todo\\public\\index.php')
CRITICAL - 2026-01-05 11:51:28 --> ErrorException: Undefined variable $totalTask
[Method: GET, Route: home/user]
in APPPATH\Views\user\dashboard.php on line 11.
 1 APPPATH\Views\user\dashboard.php(11): CodeIgniter\Debug\Exceptions->errorHandler(2, 'Undefined variable $totalTask', 'H:\\My Drive\\todo\\app\\Views\\user\\dashboard.php', 11)
 2 SYSTEMPATH\View\View.php(224): include('H:\\My Drive\\todo\\app\\Views\\user\\dashboard.php')
 3 SYSTEMPATH\View\View.php(227): CodeIgniter\View\View->CodeIgniter\View\{closure}()
 4 SYSTEMPATH\Common.php(1173): CodeIgniter\View\View->render('user/dashboard', [], true)
 5 APPPATH\Controllers\Home.php(18): view('user/dashboard')
 6 SYSTEMPATH\CodeIgniter.php(933): App\Controllers\Home->user()
 7 SYSTEMPATH\CodeIgniter.php(507): CodeIgniter\CodeIgniter->runController(Object(App\Controllers\Home))
 8 SYSTEMPATH\CodeIgniter.php(354): CodeIgniter\CodeIgniter->handleRequest(null, Object(Config\Cache), false)
 9 SYSTEMPATH\Boot.php(334): CodeIgniter\CodeIgniter->run()
10 SYSTEMPATH\Boot.php(67): CodeIgniter\Boot::runCodeIgniter(Object(CodeIgniter\CodeIgniter))
11 FCPATH\index.php(59): CodeIgniter\Boot::bootWeb(Object(Config\Paths))
12 SYSTEMPATH\rewrite.php(44): require_once('H:\\My Drive\\todo\\public\\index.php')
CRITICAL - 2026-01-05 11:53:59 --> Error: Class "App\Controllers\M_task" not found
[Method: GET, Route: home/user]
in APPPATH\Controllers\Home.php on line 18.
 1 SYSTEMPATH\CodeIgniter.php(933): App\Controllers\Home->user()
 2 SYSTEMPATH\CodeIgniter.php(507): CodeIgniter\CodeIgniter->runController(Object(App\Controllers\Home))
 3 SYSTEMPATH\CodeIgniter.php(354): CodeIgniter\CodeIgniter->handleRequest(null, Object(Config\Cache), false)
 4 SYSTEMPATH\Boot.php(334): CodeIgniter\CodeIgniter->run()
 5 SYSTEMPATH\Boot.php(67): CodeIgniter\Boot::runCodeIgniter(Object(CodeIgniter\CodeIgniter))
 6 FCPATH\index.php(59): CodeIgniter\Boot::bootWeb(Object(Config\Paths))
 7 SYSTEMPATH\rewrite.php(44): require_once('H:\\My Drive\\todo\\public\\index.php')
CRITICAL - 2026-01-05 12:23:22 --> ErrorException: Undefined array key "judul_task"
[Method: GET, Route: home/user]
in APPPATH\Views\user\dashboard.php on line 228.
 1 APPPATH\Views\user\dashboard.php(228): CodeIgniter\Debug\Exceptions->errorHandler(2, 'Undefined array key "judul_task"', 'H:\\My Drive\\todo\\app\\Views\\user\\dashboard.php', 228)
 2 SYSTEMPATH\View\View.php(224): include('H:\\My Drive\\todo\\app\\Views\\user\\dashboard.php')
 3 SYSTEMPATH\View\View.php(227): CodeIgniter\View\View->CodeIgniter\View\{closure}()
 4 SYSTEMPATH\Common.php(1173): CodeIgniter\View\View->render('user/dashboard', [], true)
 5 APPPATH\Controllers\Home.php(43): view('user/dashboard', [...])
 6 SYSTEMPATH\CodeIgniter.php(933): App\Controllers\Home->user()
 7 SYSTEMPATH\CodeIgniter.php(507): CodeIgniter\CodeIgniter->runController(Object(App\Controllers\Home))
 8 SYSTEMPATH\CodeIgniter.php(354): CodeIgniter\CodeIgniter->handleRequest(null, Object(Config\Cache), false)
 9 SYSTEMPATH\Boot.php(334): CodeIgniter\CodeIgniter->run()
10 SYSTEMPATH\Boot.php(67): CodeIgniter\Boot::runCodeIgniter(Object(CodeIgniter\CodeIgniter))
11 FCPATH\index.php(59): CodeIgniter\Boot::bootWeb(Object(Config\Paths))
12 SYSTEMPATH\rewrite.php(44): require_once('H:\\My Drive\\todo\\public\\index.php')
ERROR - 2026-01-05 13:17:06 --> mysqli_sql_exception: Unknown column 'updated_at' in 'field list' in H:\My Drive\todo\system\Database\MySQLi\Connection.php:327
Stack trace:
#0 H:\My Drive\todo\system\Database\MySQLi\Connection.php(327): mysqli->query('UPDATE `user` S...', 0)
#1 H:\My Drive\todo\system\Database\BaseConnection.php(738): CodeIgniter\Database\MySQLi\Connection->execute('UPDATE `user` S...')
#2 H:\My Drive\todo\system\Database\BaseConnection.php(652): CodeIgniter\Database\BaseConnection->simpleQuery('UPDATE `user` S...')
#3 H:\My Drive\todo\system\Database\BaseBuilder.php(2521): CodeIgniter\Database\BaseConnection->query('UPDATE `user` S...', Array, false)
#4 H:\My Drive\todo\system\Model.php(461): CodeIgniter\Database\BaseBuilder->update()
#5 H:\My Drive\todo\system\BaseModel.php(1031): CodeIgniter\Model->doUpdate(Array, Array)
#6 H:\My Drive\todo\system\Model.php(863): CodeIgniter\BaseModel->update(Array, Array)
#7 H:\My Drive\todo\app\Controllers\Home.php(96): CodeIgniter\Model->update(2, Array)
#8 H:\My Drive\todo\system\CodeIgniter.php(933): App\Controllers\Home->updateProfile()
#9 H:\My Drive\todo\system\CodeIgniter.php(507): CodeIgniter\CodeIgniter->runController(Object(App\Controllers\Home))
#10 H:\My Drive\todo\system\CodeIgniter.php(354): CodeIgniter\CodeIgniter->handleRequest(NULL, Object(Config\Cache), false)
#11 H:\My Drive\todo\system\Boot.php(334): CodeIgniter\CodeIgniter->run()
#12 H:\My Drive\todo\system\Boot.php(67): CodeIgniter\Boot::runCodeIgniter(Object(CodeIgniter\CodeIgniter))
#13 H:\My Drive\todo\public\index.php(59): CodeIgniter\Boot::bootWeb(Object(Config\Paths))
#14 H:\My Drive\todo\system\rewrite.php(44): require_once('H:\\My Drive\\tod...')
#15 {main}
CRITICAL - 2026-01-05 13:17:07 --> CodeIgniter\Database\Exceptions\DatabaseException: Unknown column 'updated_at' in 'field list'
[Method: POST, Route: profile/update]
in SYSTEMPATH\Database\BaseConnection.php on line 692.
 1 SYSTEMPATH\Database\BaseBuilder.php(2521): CodeIgniter\Database\BaseConnection->query('UPDATE `user` SET `nama` = :nama:, `email` = :email:, `updated_at` = :updated_at:
WHERE `user`.`id_user` IN :user.id_user:', [...], false)
 2 SYSTEMPATH\Model.php(461): CodeIgniter\Database\BaseBuilder->update()
 3 SYSTEMPATH\BaseModel.php(1031): CodeIgniter\Model->doUpdate([...], [...])
 4 SYSTEMPATH\Model.php(863): CodeIgniter\BaseModel->update([...], [...])
 5 APPPATH\Controllers\Home.php(96): CodeIgniter\Model->update(2, [...])
 6 SYSTEMPATH\CodeIgniter.php(933): App\Controllers\Home->updateProfile()
 7 SYSTEMPATH\CodeIgniter.php(507): CodeIgniter\CodeIgniter->runController(Object(App\Controllers\Home))
 8 SYSTEMPATH\CodeIgniter.php(354): CodeIgniter\CodeIgniter->handleRequest(null, Object(Config\Cache), false)
 9 SYSTEMPATH\Boot.php(334): CodeIgniter\CodeIgniter->run()
10 SYSTEMPATH\Boot.php(67): CodeIgniter\Boot::runCodeIgniter(Object(CodeIgniter\CodeIgniter))
11 FCPATH\index.php(59): CodeIgniter\Boot::bootWeb(Object(Config\Paths))
12 SYSTEMPATH\rewrite.php(44): require_once('H:\\My Drive\\todo\\public\\index.php')
CRITICAL - 2026-01-05 13:17:07 --> [Caused by] CodeIgniter\Database\Exceptions\DatabaseException: Unknown column 'updated_at' in 'field list'
in SYSTEMPATH\Database\MySQLi\Connection.php on line 332.
 1 SYSTEMPATH\Database\BaseConnection.php(738): CodeIgniter\Database\MySQLi\Connection->execute('UPDATE `user` SET `nama` = \'julie\', `email` = \'juli@e\', `updated_at` = \'2026-01-05 13:17:06\'
WHERE `user`.`id_user` IN (2)')
 2 SYSTEMPATH\Database\BaseConnection.php(652): CodeIgniter\Database\BaseConnection->simpleQuery('UPDATE `user` SET `nama` = \'julie\', `email` = \'juli@e\', `updated_at` = \'2026-01-05 13:17:06\'
WHERE `user`.`id_user` IN (2)')
 3 SYSTEMPATH\Database\BaseBuilder.php(2521): CodeIgniter\Database\BaseConnection->query('UPDATE `user` SET `nama` = :nama:, `email` = :email:, `updated_at` = :updated_at:
WHERE `user`.`id_user` IN :user.id_user:', [...], false)
 4 SYSTEMPATH\Model.php(461): CodeIgniter\Database\BaseBuilder->update()
 5 SYSTEMPATH\BaseModel.php(1031): CodeIgniter\Model->doUpdate([...], [...])
 6 SYSTEMPATH\Model.php(863): CodeIgniter\BaseModel->update([...], [...])
 7 APPPATH\Controllers\Home.php(96): CodeIgniter\Model->update(2, [...])
 8 SYSTEMPATH\CodeIgniter.php(933): App\Controllers\Home->updateProfile()
 9 SYSTEMPATH\CodeIgniter.php(507): CodeIgniter\CodeIgniter->runController(Object(App\Controllers\Home))
10 SYSTEMPATH\CodeIgniter.php(354): CodeIgniter\CodeIgniter->handleRequest(null, Object(Config\Cache), false)
11 SYSTEMPATH\Boot.php(334): CodeIgniter\CodeIgniter->run()
12 SYSTEMPATH\Boot.php(67): CodeIgniter\Boot::runCodeIgniter(Object(CodeIgniter\CodeIgniter))
13 FCPATH\index.php(59): CodeIgniter\Boot::bootWeb(Object(Config\Paths))
14 SYSTEMPATH\rewrite.php(44): require_once('H:\\My Drive\\todo\\public\\index.php')
CRITICAL - 2026-01-05 13:17:07 --> [Caused by] mysqli_sql_exception: Unknown column 'updated_at' in 'field list'
in SYSTEMPATH\Database\MySQLi\Connection.php on line 327.
 1 SYSTEMPATH\Database\MySQLi\Connection.php(327): mysqli->query('UPDATE `user` SET `nama` = \'julie\', `email` = \'juli@e\', `updated_at` = \'2026-01-05 13:17:06\'
WHERE `user`.`id_user` IN (2)', 0)
 2 SYSTEMPATH\Database\BaseConnection.php(738): CodeIgniter\Database\MySQLi\Connection->execute('UPDATE `user` SET `nama` = \'julie\', `email` = \'juli@e\', `updated_at` = \'2026-01-05 13:17:06\'
WHERE `user`.`id_user` IN (2)')
 3 SYSTEMPATH\Database\BaseConnection.php(652): CodeIgniter\Database\BaseConnection->simpleQuery('UPDATE `user` SET `nama` = \'julie\', `email` = \'juli@e\', `updated_at` = \'2026-01-05 13:17:06\'
WHERE `user`.`id_user` IN (2)')
 4 SYSTEMPATH\Database\BaseBuilder.php(2521): CodeIgniter\Database\BaseConnection->query('UPDATE `user` SET `nama` = :nama:, `email` = :email:, `updated_at` = :updated_at:
WHERE `user`.`id_user` IN :user.id_user:', [...], false)
 5 SYSTEMPATH\Model.php(461): CodeIgniter\Database\BaseBuilder->update()
 6 SYSTEMPATH\BaseModel.php(1031): CodeIgniter\Model->doUpdate([...], [...])
 7 SYSTEMPATH\Model.php(863): CodeIgniter\BaseModel->update([...], [...])
 8 APPPATH\Controllers\Home.php(96): CodeIgniter\Model->update(2, [...])
 9 SYSTEMPATH\CodeIgniter.php(933): App\Controllers\Home->updateProfile()
10 SYSTEMPATH\CodeIgniter.php(507): CodeIgniter\CodeIgniter->runController(Object(App\Controllers\Home))
11 SYSTEMPATH\CodeIgniter.php(354): CodeIgniter\CodeIgniter->handleRequest(null, Object(Config\Cache), false)
12 SYSTEMPATH\Boot.php(334): CodeIgniter\CodeIgniter->run()
13 SYSTEMPATH\Boot.php(67): CodeIgniter\Boot::runCodeIgniter(Object(CodeIgniter\CodeIgniter))
14 FCPATH\index.php(59): CodeIgniter\Boot::bootWeb(Object(Config\Paths))
15 SYSTEMPATH\rewrite.php(44): require_once('H:\\My Drive\\todo\\public\\index.php')
ERROR - 2026-01-05 13:21:33 --> mysqli_sql_exception: Table 'todo.users' doesn't exist in H:\My Drive\todo\system\Database\MySQLi\Connection.php:327
Stack trace:
#0 H:\My Drive\todo\system\Database\MySQLi\Connection.php(327): mysqli->query('SELECT *\nFROM `...', 0)
#1 H:\My Drive\todo\system\Database\BaseConnection.php(738): CodeIgniter\Database\MySQLi\Connection->execute('SELECT *\nFROM `...')
#2 H:\My Drive\todo\system\Database\BaseConnection.php(652): CodeIgniter\Database\BaseConnection->simpleQuery('SELECT *\nFROM `...')
#3 H:\My Drive\todo\system\Database\BaseBuilder.php(1649): CodeIgniter\Database\BaseConnection->query('SELECT *\nFROM `...', Array, false)
#4 H:\My Drive\todo\app\Controllers\User.php(39): CodeIgniter\Database\BaseBuilder->get()
#5 H:\My Drive\todo\system\CodeIgniter.php(933): App\Controllers\User->edit_user('2')
#6 H:\My Drive\todo\system\CodeIgniter.php(507): CodeIgniter\CodeIgniter->runController(Object(App\Controllers\User))
#7 H:\My Drive\todo\system\CodeIgniter.php(354): CodeIgniter\CodeIgniter->handleRequest(NULL, Object(Config\Cache), false)
#8 H:\My Drive\todo\system\Boot.php(334): CodeIgniter\CodeIgniter->run()
#9 H:\My Drive\todo\system\Boot.php(67): CodeIgniter\Boot::runCodeIgniter(Object(CodeIgniter\CodeIgniter))
#10 H:\My Drive\todo\public\index.php(59): CodeIgniter\Boot::bootWeb(Object(Config\Paths))
#11 H:\My Drive\todo\system\rewrite.php(44): require_once('H:\\My Drive\\tod...')
#12 {main}
CRITICAL - 2026-01-05 13:21:33 --> CodeIgniter\Database\Exceptions\DatabaseException: Table 'todo.users' doesn't exist
[Method: GET, Route: user/edit/2]
in SYSTEMPATH\Database\BaseConnection.php on line 692.
 1 SYSTEMPATH\Database\BaseBuilder.php(1649): CodeIgniter\Database\BaseConnection->query('SELECT *
FROM `users`
WHERE `id_user` = :id_user:', [...], false)
 2 APPPATH\Controllers\User.php(39): CodeIgniter\Database\BaseBuilder->get()
 3 SYSTEMPATH\CodeIgniter.php(933): App\Controllers\User->edit_user('2')
 4 SYSTEMPATH\CodeIgniter.php(507): CodeIgniter\CodeIgniter->runController(Object(App\Controllers\User))
 5 SYSTEMPATH\CodeIgniter.php(354): CodeIgniter\CodeIgniter->handleRequest(null, Object(Config\Cache), false)
 6 SYSTEMPATH\Boot.php(334): CodeIgniter\CodeIgniter->run()
 7 SYSTEMPATH\Boot.php(67): CodeIgniter\Boot::runCodeIgniter(Object(CodeIgniter\CodeIgniter))
 8 FCPATH\index.php(59): CodeIgniter\Boot::bootWeb(Object(Config\Paths))
 9 SYSTEMPATH\rewrite.php(44): require_once('H:\\My Drive\\todo\\public\\index.php')
CRITICAL - 2026-01-05 13:21:33 --> [Caused by] CodeIgniter\Database\Exceptions\DatabaseException: Table 'todo.users' doesn't exist
in SYSTEMPATH\Database\MySQLi\Connection.php on line 332.
 1 SYSTEMPATH\Database\BaseConnection.php(738): CodeIgniter\Database\MySQLi\Connection->execute('SELECT *
FROM `users`
WHERE `id_user` = \'2\'')
 2 SYSTEMPATH\Database\BaseConnection.php(652): CodeIgniter\Database\BaseConnection->simpleQuery('SELECT *
FROM `users`
WHERE `id_user` = \'2\'')
 3 SYSTEMPATH\Database\BaseBuilder.php(1649): CodeIgniter\Database\BaseConnection->query('SELECT *
FROM `users`
WHERE `id_user` = :id_user:', [...], false)
 4 APPPATH\Controllers\User.php(39): CodeIgniter\Database\BaseBuilder->get()
 5 SYSTEMPATH\CodeIgniter.php(933): App\Controllers\User->edit_user('2')
 6 SYSTEMPATH\CodeIgniter.php(507): CodeIgniter\CodeIgniter->runController(Object(App\Controllers\User))
 7 SYSTEMPATH\CodeIgniter.php(354): CodeIgniter\CodeIgniter->handleRequest(null, Object(Config\Cache), false)
 8 SYSTEMPATH\Boot.php(334): CodeIgniter\CodeIgniter->run()
 9 SYSTEMPATH\Boot.php(67): CodeIgniter\Boot::runCodeIgniter(Object(CodeIgniter\CodeIgniter))
10 FCPATH\index.php(59): CodeIgniter\Boot::bootWeb(Object(Config\Paths))
11 SYSTEMPATH\rewrite.php(44): require_once('H:\\My Drive\\todo\\public\\index.php')
CRITICAL - 2026-01-05 13:21:33 --> [Caused by] mysqli_sql_exception: Table 'todo.users' doesn't exist
in SYSTEMPATH\Database\MySQLi\Connection.php on line 327.
 1 SYSTEMPATH\Database\MySQLi\Connection.php(327): mysqli->query('SELECT *
FROM `users`
WHERE `id_user` = \'2\'', 0)
 2 SYSTEMPATH\Database\BaseConnection.php(738): CodeIgniter\Database\MySQLi\Connection->execute('SELECT *
FROM `users`
WHERE `id_user` = \'2\'')
 3 SYSTEMPATH\Database\BaseConnection.php(652): CodeIgniter\Database\BaseConnection->simpleQuery('SELECT *
FROM `users`
WHERE `id_user` = \'2\'')
 4 SYSTEMPATH\Database\BaseBuilder.php(1649): CodeIgniter\Database\BaseConnection->query('SELECT *
FROM `users`
WHERE `id_user` = :id_user:', [...], false)
 5 APPPATH\Controllers\User.php(39): CodeIgniter\Database\BaseBuilder->get()
 6 SYSTEMPATH\CodeIgniter.php(933): App\Controllers\User->edit_user('2')
 7 SYSTEMPATH\CodeIgniter.php(507): CodeIgniter\CodeIgniter->runController(Object(App\Controllers\User))
 8 SYSTEMPATH\CodeIgniter.php(354): CodeIgniter\CodeIgniter->handleRequest(null, Object(Config\Cache), false)
 9 SYSTEMPATH\Boot.php(334): CodeIgniter\CodeIgniter->run()
10 SYSTEMPATH\Boot.php(67): CodeIgniter\Boot::runCodeIgniter(Object(CodeIgniter\CodeIgniter))
11 FCPATH\index.php(59): CodeIgniter\Boot::bootWeb(Object(Config\Paths))
12 SYSTEMPATH\rewrite.php(44): require_once('H:\\My Drive\\todo\\public\\index.php')
