CRITICAL - 2026-01-08 02:12:53 --> ErrorException: Undefined variable $id_semester
[Method: GET, Route: absensi]
in APPPATH\Views\absen\absen_saya.php on line 42.
 1 APPPATH\Views\absen\absen_saya.php(42): CodeIgniter\Debug\Exceptions->errorHandler(2, 'Undefined variable $id_semester', 'C:\\Users\\User\\Music\\ekstra\\app\\Views\\absen\\absen_saya.php', 42)
 2 SYSTEMPATH\View\View.php(224): include('C:\\Users\\User\\Music\\ekstra\\app\\Views\\absen\\absen_saya.php')
 3 SYSTEMPATH\View\View.php(227): CodeIgniter\View\View->CodeIgniter\View\{closure}()
 4 SYSTEMPATH\Common.php(1173): CodeIgniter\View\View->render('absen/absen_saya', [], true)
 5 APPPATH\Controllers\Absensi.php(60): view('absen/absen_saya', [...])
 6 SYSTEMPATH\CodeIgniter.php(933): App\Controllers\Absensi->index()
 7 SYSTEMPATH\CodeIgniter.php(507): CodeIgniter\CodeIgniter->runController(Object(App\Controllers\Absensi))
 8 SYSTEMPATH\CodeIgniter.php(354): CodeIgniter\CodeIgniter->handleRequest(null, Object(Config\Cache), false)
 9 SYSTEMPATH\Boot.php(334): CodeIgniter\CodeIgniter->run()
10 SYSTEMPATH\Boot.php(67): CodeIgniter\Boot::runCodeIgniter(Object(CodeIgniter\CodeIgniter))
11 FCPATH\index.php(59): CodeIgniter\Boot::bootWeb(Object(Config\Paths))
12 SYSTEMPATH\rewrite.php(44): require_once('C:\\Users\\User\\Music\\ekstra\\public\\index.php')
CRITICAL - 2026-01-08 02:15:11 --> ErrorException: Undefined variable $id_semester
[Method: GET, Route: absensi]
in APPPATH\Views\absen\absen_saya.php on line 42.
 1 APPPATH\Views\absen\absen_saya.php(42): CodeIgniter\Debug\Exceptions->errorHandler(2, 'Undefined variable $id_semester', 'C:\\Users\\User\\Music\\ekstra\\app\\Views\\absen\\absen_saya.php', 42)
 2 SYSTEMPATH\View\View.php(224): include('C:\\Users\\User\\Music\\ekstra\\app\\Views\\absen\\absen_saya.php')
 3 SYSTEMPATH\View\View.php(227): CodeIgniter\View\View->CodeIgniter\View\{closure}()
 4 SYSTEMPATH\Common.php(1173): CodeIgniter\View\View->render('absen/absen_saya', [], true)
 5 APPPATH\Controllers\Absensi.php(60): view('absen/absen_saya', [...])
 6 SYSTEMPATH\CodeIgniter.php(933): App\Controllers\Absensi->index()
 7 SYSTEMPATH\CodeIgniter.php(507): CodeIgniter\CodeIgniter->runController(Object(App\Controllers\Absensi))
 8 SYSTEMPATH\CodeIgniter.php(354): CodeIgniter\CodeIgniter->handleRequest(null, Object(Config\Cache), false)
 9 SYSTEMPATH\Boot.php(334): CodeIgniter\CodeIgniter->run()
10 SYSTEMPATH\Boot.php(67): CodeIgniter\Boot::runCodeIgniter(Object(CodeIgniter\CodeIgniter))
11 FCPATH\index.php(59): CodeIgniter\Boot::bootWeb(Object(Config\Paths))
12 SYSTEMPATH\rewrite.php(44): require_once('C:\\Users\\User\\Music\\ekstra\\public\\index.php')
CRITICAL - 2026-01-08 02:18:13 --> ErrorException: Undefined array key "total"
[Method: GET, Route: absensi]
in APPPATH\Views\absen\absen_saya.php on line 80.
 1 APPPATH\Views\absen\absen_saya.php(80): CodeIgniter\Debug\Exceptions->errorHandler(2, 'Undefined array key "total"', 'C:\\Users\\User\\Music\\ekstra\\app\\Views\\absen\\absen_saya.php', 80)
 2 SYSTEMPATH\View\View.php(224): include('C:\\Users\\User\\Music\\ekstra\\app\\Views\\absen\\absen_saya.php')
 3 SYSTEMPATH\View\View.php(227): CodeIgniter\View\View->CodeIgniter\View\{closure}()
 4 SYSTEMPATH\Common.php(1173): CodeIgniter\View\View->render('absen/absen_saya', [], true)
 5 APPPATH\Controllers\Absensi.php(60): view('absen/absen_saya', [...])
 6 SYSTEMPATH\CodeIgniter.php(933): App\Controllers\Absensi->index()
 7 SYSTEMPATH\CodeIgniter.php(507): CodeIgniter\CodeIgniter->runController(Object(App\Controllers\Absensi))
 8 SYSTEMPATH\CodeIgniter.php(354): CodeIgniter\CodeIgniter->handleRequest(null, Object(Config\Cache), false)
 9 SYSTEMPATH\Boot.php(334): CodeIgniter\CodeIgniter->run()
10 SYSTEMPATH\Boot.php(67): CodeIgniter\Boot::runCodeIgniter(Object(CodeIgniter\CodeIgniter))
11 FCPATH\index.php(59): CodeIgniter\Boot::bootWeb(Object(Config\Paths))
12 SYSTEMPATH\rewrite.php(44): require_once('C:\\Users\\User\\Music\\ekstra\\public\\index.php')
